<?xml version="1.0" encoding="UTF-8"?>
<!-- Generated by org.testng.reporters.JUnitReportReporter -->
<testsuite skipped="1" hostname="Nagalakshmis-MacBook-Pro.local" name="com.qa.tests.GetAPITest" tests="2" failures="0" timestamp="2019-10-18T12:38:12 IST" time="0.914" errors="0">
  <testcase name="getAPITestWithoutHeaders" time="0.914" classname="com.qa.tests.GetAPITest"/>
  <testcase name="getAPITestWithHeaders" classname="com.qa.tests.GetAPITest">
    <skipped/>
  </testcase> <!-- getAPITestWithHeaders -->
</testsuite> <!-- com.qa.tests.GetAPITest -->
