<?xml version="1.0" encoding="UTF-8"?>
<!-- Generated by org.testng.reporters.JUnitReportReporter -->
<testsuite skipped="0" hostname="Nagalakshmis-MacBook-Pro.local" name="com.qa.tests.PostAPITest" tests="1" failures="0" timestamp="2019-10-21T17:11:26 IST" time="1.070" errors="0">
  <testcase name="postAPITest" time="1.070" classname="com.qa.tests.PostAPITest"/>
</testsuite> <!-- com.qa.tests.PostAPITest -->
